[debug] [2022-04-11T13:47:03.390Z] ----------------------------------------------------------------------
[debug] [2022-04-11T13:47:03.392Z] Command:       C:\Program Files\nodejs\node.exe C:\Users\ASUS\AppData\Roaming\npm\node_modules\firebase-tools\lib\bin\firebase.js emulators:start
[debug] [2022-04-11T13:47:03.392Z] CLI Version:   10.6.0
[debug] [2022-04-11T13:47:03.392Z] Platform:      win32
[debug] [2022-04-11T13:47:03.392Z] Node Version:  v16.13.0
[debug] [2022-04-11T13:47:03.393Z] Time:          Mon Apr 11 2022 19:32:03 GMT+0545 (Nepal Time)
[debug] [2022-04-11T13:47:03.393Z] ----------------------------------------------------------------------
[debug] 
[debug] [2022-04-11T13:47:03.457Z] > command requires scopes: ["email","openid","https://www.googleapis.com/auth/cloudplatformprojects.readonly","https://www.googleapis.com/auth/firebase","https://www.googleapis.com/auth/cloud-platform"]
[debug] [2022-04-11T13:47:03.457Z] > authorizing via signed-in user (fupulamu01@gmail.com)
[info] i  emulators: Starting emulators: functions, hosting {"metadata":{"emulator":{"name":"hub"},"message":"Starting emulators: functions, hosting"}}
[warn] !  emulators: It seems that you are running multiple instances of the emulator suite for project clone-f4eb9. This may result in unexpected behavior. 
[debug] [2022-04-11T13:47:03.494Z] [hub] writing locator at C:\Users\ASUS\AppData\Local\Temp\hub-clone-f4eb9.json
[warn] !  functions: The following emulators are not running, calls to these services from the Functions emulator will affect production: auth, firestore, database, pubsub, storage {"metadata":{"emulator":{"name":"functions"},"message":"The following emulators are not running, calls to these services from the Functions emulator will affect production: \u001b[1mauth, firestore, database, pubsub, storage\u001b[22m"}}
[info] +  functions: Using node@16 from host. {"metadata":{"emulator":{"name":"functions"},"message":"Using node@16 from host."}}
[debug] [2022-04-11T13:47:06.000Z] defaultcredentials: writing to file C:\Users\ASUS\AppData\Roaming\firebase\fupulamu01_gmail_com_application_default_credentials.json
[debug] [2022-04-11T13:47:06.002Z] Setting GAC to C:\Users\ASUS\AppData\Roaming\firebase\fupulamu01_gmail_com_application_default_credentials.json {"metadata":{"emulator":{"name":"functions"},"message":"Setting GAC to C:\\Users\\ASUS\\AppData\\Roaming\\firebase\\fupulamu01_gmail_com_application_default_credentials.json"}}
[debug] [2022-04-11T13:47:06.006Z] >>> [apiv2][query] GET https://firebase.googleapis.com/v1beta1/projects/clone-f4eb9/adminSdkConfig [none]
[debug] [2022-04-11T13:47:07.325Z] <<< [apiv2][status] GET https://firebase.googleapis.com/v1beta1/projects/clone-f4eb9/adminSdkConfig 200
[debug] [2022-04-11T13:47:07.325Z] <<< [apiv2][body] GET https://firebase.googleapis.com/v1beta1/projects/clone-f4eb9/adminSdkConfig {"projectId":"clone-f4eb9","storageBucket":"clone-f4eb9.appspot.com"}
[debug] [2022-04-11T13:47:07.343Z] >>> [apiv2][query] GET https://firebasehosting.googleapis.com/v1beta1/projects/clone-f4eb9/sites 
[debug] [2022-04-11T13:47:12.715Z] <<< [apiv2][status] GET https://firebasehosting.googleapis.com/v1beta1/projects/clone-f4eb9/sites 200
[debug] [2022-04-11T13:47:12.716Z] <<< [apiv2][body] GET https://firebasehosting.googleapis.com/v1beta1/projects/clone-f4eb9/sites {"sites":[{"name":"projects/629418171915/sites/clone-f4eb9","defaultUrl":"https://clone-f4eb9.web.app","appId":"1:629418171915:web:ac46468bc3c8b347d8b10e","type":"DEFAULT_SITE"}]}
[debug] [2022-04-11T13:47:12.716Z] >>> [apiv2][query] GET https://firebase.googleapis.com/v1beta1/projects/clone-f4eb9/webApps/1:629418171915:web:ac46468bc3c8b347d8b10e/config [none]
[debug] [2022-04-11T13:47:14.277Z] <<< [apiv2][status] GET https://firebase.googleapis.com/v1beta1/projects/clone-f4eb9/webApps/1:629418171915:web:ac46468bc3c8b347d8b10e/config 200
[debug] [2022-04-11T13:47:14.277Z] <<< [apiv2][body] GET https://firebase.googleapis.com/v1beta1/projects/clone-f4eb9/webApps/1:629418171915:web:ac46468bc3c8b347d8b10e/config {"projectId":"clone-f4eb9","appId":"1:629418171915:web:ac46468bc3c8b347d8b10e","storageBucket":"clone-f4eb9.appspot.com","apiKey":"AIzaSyAItj1FAM9UJEZI37ZMclWSyOFDlfA7ZVk","authDomain":"clone-f4eb9.firebaseapp.com","messagingSenderId":"629418171915"}
[info] i  hosting: Serving hosting files from: build {"metadata":{"emulator":{"name":"hosting"},"message":"Serving hosting files from: \u001b[1mbuild\u001b[22m"}}
[info] +  hosting: Local server: http://localhost:5000 {"metadata":{"emulator":{"name":"hosting"},"message":"Local server: \u001b[4m\u001b[1mhttp://localhost:5000\u001b[22m\u001b[24m"}}
[warn] !  ui: Emulator UI unable to start on port 4000, starting on 4001 instead. {"metadata":{"emulator":{"name":"ui"},"message":"Emulator UI unable to start on port 4000, starting on 4001 instead."}}
[debug] [2022-04-11T13:47:14.376Z] Ignoring unsupported arg: auto_download {"metadata":{"emulator":{"name":"ui"},"message":"Ignoring unsupported arg: auto_download"}}
[debug] [2022-04-11T13:47:14.376Z] Ignoring unsupported arg: port {"metadata":{"emulator":{"name":"ui"},"message":"Ignoring unsupported arg: port"}}
[debug] [2022-04-11T13:47:14.376Z] Starting Emulator UI with command {"binary":"node","args":["C:\\Users\\ASUS\\.cache\\firebase\\emulators\\ui-v1.6.5\\server.bundle.js"],"optionalArgs":[],"joinArgs":false} {"metadata":{"emulator":{"name":"ui"},"message":"Starting Emulator UI with command {\"binary\":\"node\",\"args\":[\"C:\\\\Users\\\\ASUS\\\\.cache\\\\firebase\\\\emulators\\\\ui-v1.6.5\\\\server.bundle.js\"],\"optionalArgs\":[],\"joinArgs\":false}"}}
[info] i  ui: Emulator UI logging to ui-debug.log {"metadata":{"emulator":{"name":"ui"},"message":"Emulator UI logging to \u001b[1mui-debug.log\u001b[22m"}}
[debug] [2022-04-11T13:47:14.504Z] Web / API server started at localhost:4001
 {"metadata":{"emulator":{"name":"ui"},"message":"Web / API server started at localhost:4001\n"}}
[info] i  functions: Watching "D:\MERN\AmazonClone\amazon-frontend\functions" for Cloud Functions... {"metadata":{"emulator":{"name":"functions"},"message":"Watching \"D:\\MERN\\AmazonClone\\amazon-frontend\\functions\" for Cloud Functions..."}}
[debug] [2022-04-11T13:47:14.655Z] Validating nodejs source
[debug] [2022-04-11T13:47:17.737Z] > [functions] package.json contents: {
  "name": "functions",
  "description": "Cloud Functions for Firebase",
  "scripts": {
    "lint": "eslint .",
    "serve": "firebase emulators:start --only functions",
    "shell": "firebase functions:shell",
    "start": "npm run shell",
    "deploy": "firebase deploy --only functions",
    "logs": "firebase functions:log"
  },
  "engines": {
    "node": "16"
  },
  "main": "index.js",
  "dependencies": {
    "cors": "^2.8.5",
    "express": "^4.17.3",
    "firebase-admin": "^10.0.2",
    "firebase-functions": "^3.18.0",
    "stripe": "^8.216.0"
  },
  "devDependencies": {
    "eslint": "^8.9.0",
    "eslint-config-google": "^0.14.0",
    "firebase-functions-test": "^0.2.0"
  },
  "private": true
}
[debug] [2022-04-11T13:47:17.738Z] Building nodejs source
[debug] [2022-04-11T13:47:17.738Z] Analyzing nodejs backend spec
[info] +  functions[us-central1-api]: http function initialized (http://localhost:5001/clone-f4eb9/us-central1/api). {"metadata":{"emulator":{"name":"functions"},"message":"\u001b[1mhttp\u001b[22m function initialized (http://localhost:5001/clone-f4eb9/us-central1/api)."}}
[info] 
┌─────────────────────────────────────────────────────────────┐
│ ✔  All emulators ready! It is now safe to connect your app. │
│ i  View Emulator UI at http://localhost:4001                │
└─────────────────────────────────────────────────────────────┘

┌───────────┬────────────────┬─────────────────────────────────┐
│ Emulator  │ Host:Port      │ View in Emulator UI             │
├───────────┼────────────────┼─────────────────────────────────┤
│ Functions │ localhost:5001 │ http://localhost:4001/functions │
├───────────┼────────────────┼─────────────────────────────────┤
│ Hosting   │ localhost:5000 │ n/a                             │
└───────────┴────────────────┴─────────────────────────────────┘
  Emulator Hub running at localhost:4400
  Other reserved ports: 4500

Issues? Report them at https://github.com/firebase/firebase-tools/issues and attach the *-debug.log files.
 
